\BOOKMARK [0][-]{section*.1}{Signature Page}{}% 1
\BOOKMARK [0][-]{section*.2}{Dedication}{}% 2
\BOOKMARK [0][-]{section*.3}{Epigraph}{}% 3
\BOOKMARK [0][-]{section*.4}{Table of Contents}{}% 4
\BOOKMARK [0][-]{section*.5}{List of Figures}{}% 5
\BOOKMARK [0][-]{section*.6}{List of Tables}{}% 6
\BOOKMARK [0][-]{section*.7}{Acknowledgements}{}% 7
\BOOKMARK [0][-]{section*.8}{Vita}{}% 8
\BOOKMARK [0][-]{section*.9}{Abstract of the Dissertation}{}% 9
\BOOKMARK [0][-]{chapter.1}{Introduction}{}% 10
\BOOKMARK [1][-]{section.1.1}{The Issue of Skimming}{chapter.1}% 11
\BOOKMARK [1][-]{section.1.2}{Methodologies of Detection}{chapter.1}% 12
\BOOKMARK [1][-]{section.1.3}{Contributions}{chapter.1}% 13
\BOOKMARK [2][-]{subsection.1.3.1}{Survey of Current Skimmer Detection Methodologies}{section.1.3}% 14
\BOOKMARK [2][-]{subsection.1.3.2}{Design and Implementation of Bluetooth Skimmer Detection}{section.1.3}% 15
\BOOKMARK [1][-]{section.1.4}{Research Scope}{chapter.1}% 16
\BOOKMARK [0][-]{chapter.2}{Understanding Field Agent Behavior}{}% 17
\BOOKMARK [1][-]{section.2.1}{Survey Background}{chapter.2}% 18
\BOOKMARK [2][-]{subsection.2.1.1}{Understanding the Documents}{section.2.1}% 19
\BOOKMARK [2][-]{subsection.2.1.2}{Discussion}{section.2.1}% 20
\BOOKMARK [2][-]{subsection.2.1.3}{Inspection Time Analysis}{section.2.1}% 21
\BOOKMARK [2][-]{subsection.2.1.4}{Biased Inspection Frequency}{section.2.1}% 22
\BOOKMARK [2][-]{subsection.2.1.5}{Inspector Behavior}{section.2.1}% 23
\BOOKMARK [2][-]{subsection.2.1.6}{Skimmer Construction}{section.2.1}% 24
\BOOKMARK [2][-]{subsection.2.1.7}{Addressing Analysis Errors}{section.2.1}% 25
\BOOKMARK [2][-]{subsection.2.1.8}{Lessons Learned}{section.2.1}% 26
\BOOKMARK [2][-]{subsection.2.1.9}{The Design of Bluetana}{section.2.1}% 27
\BOOKMARK [2][-]{subsection.2.1.10}{Related Work}{section.2.1}% 28
\BOOKMARK [1][-]{section.2.2}{Summary}{chapter.2}% 29
\BOOKMARK [1][-]{section.2.3}{Open Problems}{chapter.2}% 30
\BOOKMARK [1][-]{section.2.4}{Acknowledgements}{chapter.2}% 31
\BOOKMARK [0][-]{chapter.3}{A Better Mechanism: Bluetana}{}% 32
\BOOKMARK [1][-]{section.3.1}{Introduction}{chapter.3}% 33
\BOOKMARK [1][-]{section.3.2}{Related Work}{chapter.3}% 34
\BOOKMARK [1][-]{section.3.3}{Construction of an Android Application for Skimmer Detection}{chapter.3}% 35
\BOOKMARK [2][-]{subsection.3.3.1}{Key Limitations}{section.3.3}% 36
\BOOKMARK [2][-]{subsection.3.3.2}{The Benefit of Crowdsourcing}{section.3.3}% 37
\BOOKMARK [1][-]{section.3.4}{Bluetooth Protocol Features and Analysis}{chapter.3}% 38
\BOOKMARK [1][-]{section.3.5}{Collecting Information}{chapter.3}% 39
\BOOKMARK [2][-]{subsection.3.5.1}{Pseudo-Sensor Networking}{section.3.5}% 40
\BOOKMARK [2][-]{subsection.3.5.2}{Data Collection Integrity and Implementation}{section.3.5}% 41
\BOOKMARK [2][-]{subsection.3.5.3}{Kiosk Implementation}{section.3.5}% 42
\BOOKMARK [2][-]{subsection.3.5.4}{Lessons Learned in Remote Updates}{section.3.5}% 43
\BOOKMARK [2][-]{subsection.3.5.5}{Data Visualization and Analysis Design}{section.3.5}% 44
\BOOKMARK [1][-]{section.3.6}{Potential Drawbacks}{chapter.3}% 45
\BOOKMARK [2][-]{subsection.3.6.1}{Correct Classification}{section.3.6}% 46
\BOOKMARK [2][-]{subsection.3.6.2}{Information Overload}{section.3.6}% 47
\BOOKMARK [1][-]{section.3.7}{Open Problems}{chapter.3}% 48
\BOOKMARK [1][-]{section.3.8}{Summary}{chapter.3}% 49
\BOOKMARK [1][-]{section.3.9}{Acknowledgements}{chapter.3}% 50
\BOOKMARK [0][-]{chapter.4}{Conclusion}{}% 51
\BOOKMARK [1][-]{section.4.1}{On Crowdsourced Application Design}{chapter.4}% 52
\BOOKMARK [1][-]{section.4.2}{On Effective Data Analysis from Heterogeneous Sources}{chapter.4}% 53
\BOOKMARK [0][-]{chapter*.17}{Bibliography}{}% 54
